[1 of 10,290]
Skipped: /home/qcx201/Projects/CAtrade/raw/CA-1990-CA.csv
[2 of 10,290]
Skipped: /home/qcx201/Projects/CAtrade/raw/CA-1990-CB.csv
[3 of 10,290]
Skipped: /home/qcx201/Projects/CAtrade/raw/CA-1990-CC.csv
[4 of 10,290]
Skipped: /home/qcx201/Projects/CAtrade/raw/CA-1990-CD.csv
[5 of 10,290]
Skipped: /home/qcx201/Projects/CAtrade/raw/CA-1990-CE.csv
[6 of 10,290]
Skipped: /home/qcx201/Projects/CAtrade/raw/CA-1990-CF.csv
[7 of 10,290]
Skipped: /home/qcx201/Projects/CAtrade/raw/CA-1990-CG.csv
[8 of 10,290]
Skipped: /home/qcx201/Projects/CAtrade/raw/CA-1990-CH.csv
[9 of 10,290]
Skipped: /home/qcx201/Projects/CAtrade/raw/CA-1990-CI.csv
[10 of 10,290]
Skipped: /home/qcx201/Projects/CAtrade/raw/CA-1990-CJ.csv
[11 of 10,290]
Skipped: /home/qcx201/Projects/CAtrade/raw/CA-1990-CK.csv
[12 of 10,290]
Skipped: /home/qcx201/Projects/CAtrade/raw/CA-1990-CL.csv
[13 of 10,290]
Skipped: /home/qcx201/Projects/CAtrade/raw/CA-1990-CM.csv
[14 of 10,290]
Skipped: /home/qcx201/Projects/CAtrade/raw/CA-1990-CN.csv
[15 of 10,290]
Skipped: /home/qcx201/Projects/CAtrade/raw/CA-1990-CO.csv
[16 of 10,290]
Skipped: /home/qcx201/Projects/CAtrade/raw/CA-1990-CP.csv
[17 of 10,290]
Skipped: /home/qcx201/Projects/CAtrade/raw/CA-1990-CQ.csv
[18 of 10,290]
Skipped: /home/qcx201/Projects/CAtrade/raw/CA-1990-CR.csv
[19 of 10,290]
Skipped: /home/qcx201/Projects/CAtrade/raw/CA-1990-CS.csv
[20 of 10,290]
Skipped: /home/qcx201/Projects/CAtrade/raw/CA-1990-CT.csv
[21 of 10,290]
Skipped: /home/qcx201/Projects/CAtrade/raw/CA-1990-CU.csv
[22 of 10,290]
Skipped: /home/qcx201/Projects/CAtrade/raw/CA-1991-CA.csv
[23 of 10,290]
Skipped: /home/qcx201/Projects/CAtrade/raw/CA-1991-CB.csv
[24 of 10,290]
Skipped: /home/qcx201/Projects/CAtrade/raw/CA-1991-CC.csv
[25 of 10,290]
Skipped: /home/qcx201/Projects/CAtrade/raw/CA-1991-CD.csv
[26 of 10,290]
Skipped: /home/qcx201/Projects/CAtrade/raw/CA-1991-CE.csv
[27 of 10,290]
Skipped: /home/qcx201/Projects/CAtrade/raw/CA-1991-CF.csv
[28 of 10,290]
Skipped: /home/qcx201/Projects/CAtrade/raw/CA-1991-CG.csv
[29 of 10,290]
Skipped: /home/qcx201/Projects/CAtrade/raw/CA-1991-CH.csv
[30 of 10,290]
Skipped: /home/qcx201/Projects/CAtrade/raw/CA-1991-CI.csv
[31 of 10,290]
Skipped: /home/qcx201/Projects/CAtrade/raw/CA-1991-CJ.csv
[32 of 10,290]
Skipped: /home/qcx201/Projects/CAtrade/raw/CA-1991-CK.csv
[33 of 10,290]
Skipped: /home/qcx201/Projects/CAtrade/raw/CA-1991-CL.csv
[34 of 10,290]
Skipped: /home/qcx201/Projects/CAtrade/raw/CA-1991-CM.csv
[35 of 10,290]
Skipped: /home/qcx201/Projects/CAtrade/raw/CA-1991-CN.csv
[36 of 10,290]
Skipped: /home/qcx201/Projects/CAtrade/raw/CA-1991-CO.csv
[37 of 10,290]
Skipped: /home/qcx201/Projects/CAtrade/raw/CA-1991-CP.csv
[38 of 10,290]
Skipped: /home/qcx201/Projects/CAtrade/raw/CA-1991-CQ.csv
[39 of 10,290]
Skipped: /home/qcx201/Projects/CAtrade/raw/CA-1991-CR.csv
[40 of 10,290]
Skipped: /home/qcx201/Projects/CAtrade/raw/CA-1991-CS.csv
[41 of 10,290]
Skipped: /home/qcx201/Projects/CAtrade/raw/CA-1991-CT.csv
[42 of 10,290]
Skipped: /home/qcx201/Projects/CAtrade/raw/CA-1991-CU.csv
[43 of 10,290]
Skipped: /home/qcx201/Projects/CAtrade/raw/CA-1992-CA.csv
[44 of 10,290]
Skipped: /home/qcx201/Projects/CAtrade/raw/CA-1992-CB.csv
[45 of 10,290]
Skipped: /home/qcx201/Projects/CAtrade/raw/CA-1992-CC.csv
[46 of 10,290]
Skipped: /home/qcx201/Projects/CAtrade/raw/CA-1992-CD.csv
[47 of 10,290]
Skipped: /home/qcx201/Projects/CAtrade/raw/CA-1992-CE.csv
[48 of 10,290]
Skipped: /home/qcx201/Projects/CAtrade/raw/CA-1992-CF.csv
[49 of 10,290]
Skipped: /home/qcx201/Projects/CAtrade/raw/CA-1992-CG.csv
[50 of 10,290]
Skipped: /home/qcx201/Projects/CAtrade/raw/CA-1992-CH.csv
[51 of 10,290]
Skipped: /home/qcx201/Projects/CAtrade/raw/CA-1992-CI.csv
[52 of 10,290]
Skipped: /home/qcx201/Projects/CAtrade/raw/CA-1992-CJ.csv
[53 of 10,290]
Skipped: /home/qcx201/Projects/CAtrade/raw/CA-1992-CK.csv
[54 of 10,290]
Skipped: /home/qcx201/Projects/CAtrade/raw/CA-1992-CL.csv
[55 of 10,290]
Skipped: /home/qcx201/Projects/CAtrade/raw/CA-1992-CM.csv
[56 of 10,290]
Skipped: /home/qcx201/Projects/CAtrade/raw/CA-1992-CN.csv
[57 of 10,290]
Skipped: /home/qcx201/Projects/CAtrade/raw/CA-1992-CO.csv
[58 of 10,290]
Skipped: /home/qcx201/Projects/CAtrade/raw/CA-1992-CP.csv
[59 of 10,290]
Skipped: /home/qcx201/Projects/CAtrade/raw/CA-1992-CQ.csv
[60 of 10,290]
Skipped: /home/qcx201/Projects/CAtrade/raw/CA-1992-CR.csv
[61 of 10,290]
Skipped: /home/qcx201/Projects/CAtrade/raw/CA-1992-CS.csv
[62 of 10,290]
Skipped: /home/qcx201/Projects/CAtrade/raw/CA-1992-CT.csv
[63 of 10,290]
Skipped: /home/qcx201/Projects/CAtrade/raw/CA-1992-CU.csv
[64 of 10,290]
Skipped: /home/qcx201/Projects/CAtrade/raw/CA-1993-CA.csv
[65 of 10,290]
Skipped: /home/qcx201/Projects/CAtrade/raw/CA-1993-CB.csv
[66 of 10,290]
Skipped: /home/qcx201/Projects/CAtrade/raw/CA-1993-CC.csv
[67 of 10,290]
Skipped: /home/qcx201/Projects/CAtrade/raw/CA-1993-CD.csv
[68 of 10,290]
Skipped: /home/qcx201/Projects/CAtrade/raw/CA-1993-CE.csv
[69 of 10,290]
Skipped: /home/qcx201/Projects/CAtrade/raw/CA-1993-CF.csv
[70 of 10,290]
status: 200 | saved: /home/qcx201/Projects/CAtrade/raw/CA-1993-CG.csv
time: 2025-04-21 01:55:02.260894 | delta: 0:00:03.733043 | eta: 0:09:05.022380
[71 of 10,290]
status: 200 | saved: /home/qcx201/Projects/CAtrade/raw/CA-1993-CH.csv
time: 2025-04-21 01:55:03.630611 | delta: 0:00:05.102760 | eta: 0:12:14.439530
[72 of 10,290]
status: 200 | saved: /home/qcx201/Projects/CAtrade/raw/CA-1993-CI.csv
time: 2025-04-21 01:55:04.394420 | delta: 0:00:05.866569 | eta: 0:13:52.562640
[73 of 10,290]
status: 200 | saved: /home/qcx201/Projects/CAtrade/raw/CA-1993-CJ.csv
time: 2025-04-21 01:55:05.136384 | delta: 0:00:06.608533 | eta: 0:15:24.924576
[74 of 10,290]
status: 200 | saved: /home/qcx201/Projects/CAtrade/raw/CA-1993-CK.csv
time: 2025-04-21 01:55:05.874838 | delta: 0:00:07.346987 | eta: 0:16:54.285344
[75 of 10,290]
status: 200 | saved: /home/qcx201/Projects/CAtrade/raw/CA-1993-CL.csv
time: 2025-04-21 01:55:06.611992 | delta: 0:00:08.084141 | eta: 0:18:21.064635
[76 of 10,290]
status: 200 | saved: /home/qcx201/Projects/CAtrade/raw/CA-1993-CM.csv
time: 2025-04-21 01:55:07.335524 | delta: 0:00:08.807673 | eta: 0:19:43.700460
[77 of 10,290]
status: 200 | saved: /home/qcx201/Projects/CAtrade/raw/CA-1993-CN.csv
time: 2025-04-21 01:55:08.067918 | delta: 0:00:09.540067 | eta: 0:21:05.360061
[78 of 10,290]
status: 200 | saved: /home/qcx201/Projects/CAtrade/raw/CA-1993-CO.csv
time: 2025-04-21 01:55:08.790723 | delta: 0:00:10.262872 | eta: 0:22:23.643900
[79 of 10,290]
status: 200 | saved: /home/qcx201/Projects/CAtrade/raw/CA-1993-CP.csv
time: 2025-04-21 01:55:09.525200 | delta: 0:00:10.997349 | eta: 0:23:41.442677
[80 of 10,290]
status: 200 | saved: /home/qcx201/Projects/CAtrade/raw/CA-1993-CQ.csv
time: 2025-04-21 01:55:10.247986 | delta: 0:00:11.720135 | eta: 0:24:55.785420
[81 of 10,290]
status: 200 | saved: /home/qcx201/Projects/CAtrade/raw/CA-1993-CR.csv
time: 2025-04-21 01:55:10.980419 | delta: 0:00:12.452568 | eta: 0:26:09.480615
[82 of 10,290]
status: 200 | saved: /home/qcx201/Projects/CAtrade/raw/CA-1993-CS.csv
time: 2025-04-21 01:55:12.775646 | delta: 0:00:14.247795 | eta: 0:29:33.680832
[83 of 10,290]
status: 200 | saved: /home/qcx201/Projects/CAtrade/raw/CA-1993-CT.csv
time: 2025-04-21 01:55:13.521949 | delta: 0:00:14.994098 | eta: 0:30:43.914964
[84 of 10,290]
status: 200 | saved: /home/qcx201/Projects/CAtrade/raw/CA-1993-CU.csv
time: 2025-04-21 01:55:14.327654 | delta: 0:00:15.799803 | eta: 0:31:59.677158
[85 of 10,290]
status: 200 | saved: /home/qcx201/Projects/CAtrade/raw/CA-1994-CA.csv
time: 2025-04-21 01:55:15.051099 | delta: 0:00:16.523248 | eta: 0:33:03.760155
[86 of 10,290]
status: 200 | saved: /home/qcx201/Projects/CAtrade/raw/CA-1994-CB.csv
time: 2025-04-21 01:55:15.766598 | delta: 0:00:17.238747 | eta: 0:34:05.402004
[87 of 10,290]
status: 200 | saved: /home/qcx201/Projects/CAtrade/raw/CA-1994-CC.csv
time: 2025-04-21 01:55:16.509966 | delta: 0:00:17.982115 | eta: 0:35:08.868273
[88 of 10,290]
status: 200 | saved: /home/qcx201/Projects/CAtrade/raw/CA-1994-CD.csv
time: 2025-04-21 01:55:17.254485 | delta: 0:00:18.726634 | eta: 0:36:11.016206
[89 of 10,290]
status: 200 | saved: /home/qcx201/Projects/CAtrade/raw/CA-1994-CE.csv
time: 2025-04-21 01:55:17.985472 | delta: 0:00:19.457621 | eta: 0:37:10.193625
[90 of 10,290]
status: 200 | saved: /home/qcx201/Projects/CAtrade/raw/CA-1994-CF.csv
time: 2025-04-21 01:55:18.742218 | delta: 0:00:20.214367 | eta: 0:38:10.960800
[91 of 10,290]
status: 200 | saved: /home/qcx201/Projects/CAtrade/raw/CA-1994-CG.csv
time: 2025-04-21 01:55:19.463194 | delta: 0:00:20.935343 | eta: 0:39:06.371741
[92 of 10,290]
status: 200 | saved: /home/qcx201/Projects/CAtrade/raw/CA-1994-CH.csv
time: 2025-04-21 01:55:20.180471 | delta: 0:00:21.652620 | eta: 0:40:00.150290
[93 of 10,290]
status: 200 | saved: /home/qcx201/Projects/CAtrade/raw/CA-1994-CI.csv
time: 2025-04-21 01:55:20.928945 | delta: 0:00:22.401094 | eta: 0:40:56.171784
[94 of 10,290]
status: 200 | saved: /home/qcx201/Projects/CAtrade/raw/CA-1994-CJ.csv
time: 2025-04-21 01:55:21.669750 | delta: 0:00:23.141899 | eta: 0:41:50.153240
[95 of 10,290]
status: 200 | saved: /home/qcx201/Projects/CAtrade/raw/CA-1994-CK.csv
time: 2025-04-21 01:55:22.383830 | delta: 0:00:23.855979 | eta: 0:42:40.127620
[96 of 10,290]
status: 200 | saved: /home/qcx201/Projects/CAtrade/raw/CA-1994-CL.csv
time: 2025-04-21 01:55:23.105376 | delta: 0:00:24.577525 | eta: 0:43:29.827104
[97 of 10,290]
status: 200 | saved: /home/qcx201/Projects/CAtrade/raw/CA-1994-CM.csv
time: 2025-04-21 01:55:23.847377 | delta: 0:00:25.319526 | eta: 0:44:20.638018
[98 of 10,290]
status: 200 | saved: /home/qcx201/Projects/CAtrade/raw/CA-1994-CN.csv
time: 2025-04-21 01:55:24.564288 | delta: 0:00:26.036437 | eta: 0:45:07.790176
[99 of 10,290]
status: 200 | saved: /home/qcx201/Projects/CAtrade/raw/CA-1994-CO.csv
time: 2025-04-21 01:55:25.279961 | delta: 0:00:26.752110 | eta: 0:45:53.842593
[100 of 10,290]
status: 200 | saved: /home/qcx201/Projects/CAtrade/raw/CA-1994-CP.csv
time: 2025-04-21 01:55:26.003939 | delta: 0:00:27.476088 | eta: 0:46:39.814590
[101 of 10,290]
status: 200 | saved: /home/qcx201/Projects/CAtrade/raw/CA-1994-CQ.csv
time: 2025-04-21 01:55:26.744586 | delta: 0:00:28.216735 | eta: 0:47:26.541686
[102 of 10,290]
status: 200 | saved: /home/qcx201/Projects/CAtrade/raw/CA-1994-CR.csv
time: 2025-04-21 01:55:27.458572 | delta: 0:00:28.930721 | eta: 0:48:09.673380
[103 of 10,290]
status: 200 | saved: /home/qcx201/Projects/CAtrade/raw/CA-1994-CS.csv
time: 2025-04-21 01:55:28.188798 | delta: 0:00:29.660947 | eta: 0:48:53.550390
[104 of 10,290]
status: 200 | saved: /home/qcx201/Projects/CAtrade/raw/CA-1994-CT.csv
time: 2025-04-21 01:55:28.903353 | delta: 0:00:30.375502 | eta: 0:49:35.045392
[105 of 10,290]
status: 200 | saved: /home/qcx201/Projects/CAtrade/raw/CA-1994-CU.csv
time: 2025-04-21 01:55:29.616531 | delta: 0:00:31.088680 | eta: 0:50:15.605355
[106 of 10,290]
status: 200 | saved: /home/qcx201/Projects/CAtrade/raw/CA-1995-CA.csv
time: 2025-04-21 01:55:30.334526 | delta: 0:00:31.806675 | eta: 0:50:55.841592
[107 of 10,290]
status: 200 | saved: /home/qcx201/Projects/CAtrade/raw/CA-1995-CB.csv
time: 2025-04-21 01:55:31.063703 | delta: 0:00:32.535852 | eta: 0:51:36.375359
[108 of 10,290]
status: 200 | saved: /home/qcx201/Projects/CAtrade/raw/CA-1995-CC.csv
time: 2025-04-21 01:55:31.835223 | delta: 0:00:33.307372 | eta: 0:52:20.149164
[109 of 10,290]
status: 200 | saved: /home/qcx201/Projects/CAtrade/raw/CA-1995-CD.csv
time: 2025-04-21 01:55:32.550363 | delta: 0:00:34.022512 | eta: 0:52:57.826073
[110 of 10,290]
status: 200 | saved: /home/qcx201/Projects/CAtrade/raw/CA-1995-CE.csv
time: 2025-04-21 01:55:33.275947 | delta: 0:00:34.748096 | eta: 0:53:35.780560
[111 of 10,290]
status: 200 | saved: /home/qcx201/Projects/CAtrade/raw/CA-1995-CF.csv
time: 2025-04-21 01:55:36.932857 | delta: 0:00:38.405006 | eta: 0:58:41.842389
[112 of 10,290]
status: 200 | saved: /home/qcx201/Projects/CAtrade/raw/CA-1995-CG.csv
time: 2025-04-21 01:55:37.677742 | delta: 0:00:39.149891 | eta: 0:59:17.750434
[113 of 10,290]
status: 200 | saved: /home/qcx201/Projects/CAtrade/raw/CA-1995-CH.csv
time: 2025-04-21 01:55:38.413195 | delta: 0:00:39.885344 | eta: 0:59:52.155336
[114 of 10,290]
status: 200 | saved: /home/qcx201/Projects/CAtrade/raw/CA-1995-CI.csv
time: 2025-04-21 01:55:39.140230 | delta: 0:00:40.612379 | eta: 1:00:25.189824
[115 of 10,290]
status: 200 | saved: /home/qcx201/Projects/CAtrade/raw/CA-1995-CJ.csv
time: 2025-04-21 01:55:39.898593 | delta: 0:00:41.370742 | eta: 1:01:00.415550
[116 of 10,290]
status: 200 | saved: /home/qcx201/Projects/CAtrade/raw/CA-1995-CK.csv
time: 2025-04-21 01:55:40.644208 | delta: 0:00:42.116357 | eta: 1:01:33.894528
[117 of 10,290]
status: 200 | saved: /home/qcx201/Projects/CAtrade/raw/CA-1995-CL.csv
time: 2025-04-21 01:55:41.368514 | delta: 0:00:42.840663 | eta: 1:02:04.945680
[118 of 10,290]
status: 200 | saved: /home/qcx201/Projects/CAtrade/raw/CA-1995-CM.csv
time: 2025-04-21 01:55:42.108080 | delta: 0:00:43.580229 | eta: 1:02:36.763728
[119 of 10,290]
status: 200 | saved: /home/qcx201/Projects/CAtrade/raw/CA-1995-CN.csv
time: 2025-04-21 01:55:42.827292 | delta: 0:00:44.299441 | eta: 1:03:06.297144
[120 of 10,290]
status: 200 | saved: /home/qcx201/Projects/CAtrade/raw/CA-1995-CO.csv
time: 2025-04-21 01:55:43.572077 | delta: 0:00:45.044226 | eta: 1:03:37.502730
[121 of 10,290]
status: 200 | saved: /home/qcx201/Projects/CAtrade/raw/CA-1995-CP.csv
time: 2025-04-21 01:55:44.297802 | delta: 0:00:45.769951 | eta: 1:04:06.566616
[122 of 10,290]
status: 200 | saved: /home/qcx201/Projects/CAtrade/raw/CA-1995-CQ.csv
time: 2025-04-21 01:55:45.030206 | delta: 0:00:46.502355 | eta: 1:04:35.706056
[123 of 10,290]
status: 200 | saved: /home/qcx201/Projects/CAtrade/raw/CA-1995-CR.csv
time: 2025-04-21 01:55:45.779761 | delta: 0:00:47.251910 | eta: 1:05:05.775054
[124 of 10,290]
status: 200 | saved: /home/qcx201/Projects/CAtrade/raw/CA-1995-CS.csv
time: 2025-04-21 01:55:46.527511 | delta: 0:00:47.999660 | eta: 1:05:35.197604
[125 of 10,290]
status: 200 | saved: /home/qcx201/Projects/CAtrade/raw/CA-1995-CT.csv
time: 2025-04-21 01:55:47.268339 | delta: 0:00:48.740488 | eta: 1:06:03.577460
[126 of 10,290]
status: 200 | saved: /home/qcx201/Projects/CAtrade/raw/CA-1995-CU.csv
time: 2025-04-21 01:55:48.011120 | delta: 0:00:49.483269 | eta: 1:06:31.646736
[127 of 10,290]
status: 200 | saved: /home/qcx201/Projects/CAtrade/raw/CA-1996-CA.csv
time: 2025-04-21 01:55:48.743015 | delta: 0:00:50.215164 | eta: 1:06:58.399385
[128 of 10,290]
status: 200 | saved: /home/qcx201/Projects/CAtrade/raw/CA-1996-CB.csv
time: 2025-04-21 01:55:49.478313 | delta: 0:00:50.950462 | eta: 1:07:24.984100
[129 of 10,290]
status: 200 | saved: /home/qcx201/Projects/CAtrade/raw/CA-1996-CC.csv
time: 2025-04-21 01:55:50.212560 | delta: 0:00:51.684709 | eta: 1:07:51.075777
[130 of 10,290]
status: 200 | saved: /home/qcx201/Projects/CAtrade/raw/CA-1996-CD.csv
time: 2025-04-21 01:55:50.999598 | delta: 0:00:52.471747 | eta: 1:08:20.870640
[131 of 10,290]
status: 200 | saved: /home/qcx201/Projects/CAtrade/raw/CA-1996-CE.csv
time: 2025-04-21 01:55:51.745262 | delta: 0:00:53.217411 | eta: 1:08:46.992160
[132 of 10,290]
status: 200 | saved: /home/qcx201/Projects/CAtrade/raw/CA-1996-CF.csv
time: 2025-04-21 01:55:52.479930 | delta: 0:00:53.952079 | eta: 1:09:11.859024
[133 of 10,290]
status: 200 | saved: /home/qcx201/Projects/CAtrade/raw/CA-1996-CG.csv
time: 2025-04-21 01:55:53.214867 | delta: 0:00:54.687016 | eta: 1:09:36.365417
[134 of 10,290]
status: 200 | saved: /home/qcx201/Projects/CAtrade/raw/CA-1996-CH.csv
time: 2025-04-21 01:55:53.937159 | delta: 0:00:55.409308 | eta: 1:09:59.526312
[135 of 10,290]
status: 200 | saved: /home/qcx201/Projects/CAtrade/raw/CA-1996-CI.csv
time: 2025-04-21 01:55:54.685112 | delta: 0:00:56.157261 | eta: 1:10:24.276900
[136 of 10,290]
status: 200 | saved: /home/qcx201/Projects/CAtrade/raw/CA-1996-CJ.csv
time: 2025-04-21 01:55:55.430063 | delta: 0:00:56.902212 | eta: 1:10:48.423446
[137 of 10,290]
status: 200 | saved: /home/qcx201/Projects/CAtrade/raw/CA-1996-CK.csv
time: 2025-04-21 01:55:56.157907 | delta: 0:00:57.630056 | eta: 1:11:10.930521
[138 of 10,290]
status: 200 | saved: /home/qcx201/Projects/CAtrade/raw/CA-1996-CL.csv
time: 2025-04-21 01:55:56.884049 | delta: 0:00:58.356198 | eta: 1:11:32.986392
[139 of 10,290]
status: 200 | saved: /home/qcx201/Projects/CAtrade/raw/CA-1996-CM.csv
time: 2025-04-21 01:55:57.634238 | delta: 0:00:59.106387 | eta: 1:11:56.469126
[140 of 10,290]
status: 200 | saved: /home/qcx201/Projects/CAtrade/raw/CA-1996-CN.csv
time: 2025-04-21 01:55:58.374732 | delta: 0:00:59.846881 | eta: 1:12:18.901700
[141 of 10,290]
status: 200 | saved: /home/qcx201/Projects/CAtrade/raw/CA-1996-CO.csv
time: 2025-04-21 01:55:59.127460 | delta: 0:01:00.599609 | eta: 1:12:41.877816
[142 of 10,290]
status: 200 | saved: /home/qcx201/Projects/CAtrade/raw/CA-1996-CP.csv
time: 2025-04-21 01:55:59.867123 | delta: 0:01:01.339272 | eta: 1:13:03.601116
[143 of 10,290]
status: 200 | saved: /home/qcx201/Projects/CAtrade/raw/CA-1996-CQ.csv
time: 2025-04-21 01:56:00.594367 | delta: 0:01:02.066516 | eta: 1:13:24.122704
[144 of 10,290]
status: 200 | saved: /home/qcx201/Projects/CAtrade/raw/CA-1996-CR.csv
time: 2025-04-21 01:56:01.313543 | delta: 0:01:02.785692 | eta: 1:13:43.777752
[145 of 10,290]
status: 200 | saved: /home/qcx201/Projects/CAtrade/raw/CA-1996-CS.csv
time: 2025-04-21 01:56:02.051546 | delta: 0:01:03.523695 | eta: 1:14:04.463630
[146 of 10,290]
status: 200 | saved: /home/qcx201/Projects/CAtrade/raw/CA-1996-CT.csv
time: 2025-04-21 01:56:02.774723 | delta: 0:01:04.246872 | eta: 1:14:23.836768
[147 of 10,290]
status: 200 | saved: /home/qcx201/Projects/CAtrade/raw/CA-1996-CU.csv
time: 2025-04-21 01:56:03.519506 | delta: 0:01:04.991655 | eta: 1:14:44.423160
[148 of 10,290]
status: 200 | saved: /home/qcx201/Projects/CAtrade/raw/CA-1997-CA.csv
time: 2025-04-21 01:56:04.278903 | delta: 0:01:05.751052 | eta: 1:15:05.725488
[149 of 10,290]
status: 200 | saved: /home/qcx201/Projects/CAtrade/raw/CA-1997-CB.csv
time: 2025-04-21 01:56:05.028465 | delta: 0:01:06.500614 | eta: 1:15:26.060133
[150 of 10,290]
status: 200 | saved: /home/qcx201/Projects/CAtrade/raw/CA-1997-CC.csv
time: 2025-04-21 01:56:05.785074 | delta: 0:01:07.257223 | eta: 1:15:46.583340
[151 of 10,290]
status: 200 | saved: /home/qcx201/Projects/CAtrade/raw/CA-1997-CD.csv
time: 2025-04-21 01:56:06.550485 | delta: 0:01:08.022634 | eta: 1:16:07.426859
[152 of 10,290]
status: 200 | saved: /home/qcx201/Projects/CAtrade/raw/CA-1997-CE.csv
time: 2025-04-21 01:56:07.293499 | delta: 0:01:08.765648 | eta: 1:16:26.492028
[153 of 10,290]
status: 200 | saved: /home/qcx201/Projects/CAtrade/raw/CA-1997-CF.csv
time: 2025-04-21 01:56:08.048593 | delta: 0:01:09.520742 | eta: 1:16:46.090608
[154 of 10,290]
status: 200 | saved: /home/qcx201/Projects/CAtrade/raw/CA-1997-CG.csv
time: 2025-04-21 01:56:12.264482 | delta: 0:01:13.736631 | eta: 1:20:53.208024
[155 of 10,290]
status: 200 | saved: /home/qcx201/Projects/CAtrade/raw/CA-1997-CH.csv
time: 2025-04-21 01:56:13.003433 | delta: 0:01:14.475582 | eta: 1:21:09.745880
[156 of 10,290]
status: 200 | saved: /home/qcx201/Projects/CAtrade/raw/CA-1997-CI.csv
time: 2025-04-21 01:56:13.767657 | delta: 0:01:15.239806 | eta: 1:21:27.689004
[157 of 10,290]
status: 200 | saved: /home/qcx201/Projects/CAtrade/raw/CA-1997-CJ.csv
time: 2025-04-21 01:56:14.528803 | delta: 0:01:16.000952 | eta: 1:21:45.202906
[158 of 10,290]
status: 200 | saved: /home/qcx201/Projects/CAtrade/raw/CA-1997-CK.csv
time: 2025-04-21 01:56:15.270405 | delta: 0:01:16.742554 | eta: 1:22:01.233984
[159 of 10,290]
status: 200 | saved: /home/qcx201/Projects/CAtrade/raw/CA-1997-CL.csv
time: 2025-04-21 01:56:16.039294 | delta: 0:01:17.511443 | eta: 1:22:18.791583
[160 of 10,290]
status: 200 | saved: /home/qcx201/Projects/CAtrade/raw/CA-1997-CM.csv
time: 2025-04-21 01:56:16.818762 | delta: 0:01:18.290911 | eta: 1:22:36.791340
[161 of 10,290]
status: 200 | saved: /home/qcx201/Projects/CAtrade/raw/CA-1997-CN.csv
time: 2025-04-21 01:56:17.565337 | delta: 0:01:19.037486 | eta: 1:22:52.488164
[162 of 10,290]
status: 200 | saved: /home/qcx201/Projects/CAtrade/raw/CA-1997-CO.csv
time: 2025-04-21 01:56:18.409005 | delta: 0:01:19.881154 | eta: 1:23:14.056032
[163 of 10,290]
status: 200 | saved: /home/qcx201/Projects/CAtrade/raw/CA-1997-CP.csv
time: 2025-04-21 01:56:19.155823 | delta: 0:01:20.627972 | eta: 1:23:29.320550
[164 of 10,290]
status: 200 | saved: /home/qcx201/Projects/CAtrade/raw/CA-1997-CQ.csv
time: 2025-04-21 01:56:19.945500 | delta: 0:01:21.417649 | eta: 1:23:47.042574
[165 of 10,290]
status: 200 | saved: /home/qcx201/Projects/CAtrade/raw/CA-1997-CR.csv
time: 2025-04-21 01:56:20.729728 | delta: 0:01:22.201877 | eta: 1:24:04.204125
[166 of 10,290]
status: 200 | saved: /home/qcx201/Projects/CAtrade/raw/CA-1997-CS.csv
time: 2025-04-21 01:56:21.525596 | delta: 0:01:22.997745 | eta: 1:24:21.858264
[167 of 10,290]
status: 200 | saved: /home/qcx201/Projects/CAtrade/raw/CA-1997-CT.csv
time: 2025-04-21 01:56:22.289906 | delta: 0:01:23.762055 | eta: 1:24:37.382987
[168 of 10,290]
status: 200 | saved: /home/qcx201/Projects/CAtrade/raw/CA-1997-CU.csv
time: 2025-04-21 01:56:23.038773 | delta: 0:01:24.510922 | eta: 1:24:51.781002
[169 of 10,290]
status: 200 | saved: /home/qcx201/Projects/CAtrade/raw/CA-1998-CA.csv
time: 2025-04-21 01:56:23.769782 | delta: 0:01:25.241931 | eta: 1:25:04.931190
[170 of 10,290]
status: 200 | saved: /home/qcx201/Projects/CAtrade/raw/CA-1998-CB.csv
time: 2025-04-21 01:56:24.505927 | delta: 0:01:25.978076 | eta: 1:25:18.220360
[171 of 10,290]
status: 200 | saved: /home/qcx201/Projects/CAtrade/raw/CA-1998-CC.csv
time: 2025-04-21 01:56:25.248398 | delta: 0:01:26.720547 | eta: 1:25:31.729422
[172 of 10,290]
status: 200 | saved: /home/qcx201/Projects/CAtrade/raw/CA-1998-CD.csv
time: 2025-04-21 01:56:25.981632 | delta: 0:01:27.453781 | eta: 1:25:44.517336
[173 of 10,290]
status: 200 | saved: /home/qcx201/Projects/CAtrade/raw/CA-1998-CE.csv
time: 2025-04-21 01:56:26.728842 | delta: 0:01:28.200991 | eta: 1:25:57.970344
[174 of 10,290]
status: 200 | saved: /home/qcx201/Projects/CAtrade/raw/CA-1998-CF.csv
time: 2025-04-21 01:56:27.490581 | delta: 0:01:28.962730 | eta: 1:26:12.108480
[175 of 10,290]
status: 200 | saved: /home/qcx201/Projects/CAtrade/raw/CA-1998-CG.csv
time: 2025-04-21 01:56:28.226623 | delta: 0:01:29.698772 | eta: 1:26:24.584860
[176 of 10,290]
status: 200 | saved: /home/qcx201/Projects/CAtrade/raw/CA-1998-CH.csv
time: 2025-04-21 01:56:28.953992 | delta: 0:01:30.426141 | eta: 1:26:36.421490
[177 of 10,290]
status: 200 | saved: /home/qcx201/Projects/CAtrade/raw/CA-1998-CI.csv
time: 2025-04-21 01:56:29.743655 | delta: 0:01:31.215804 | eta: 1:26:51.673872
[178 of 10,290]
status: 200 | saved: /home/qcx201/Projects/CAtrade/raw/CA-1998-CJ.csv
time: 2025-04-21 01:56:30.490960 | delta: 0:01:31.963109 | eta: 1:27:04.334464
[179 of 10,290]
status: 200 | saved: /home/qcx201/Projects/CAtrade/raw/CA-1998-CK.csv
time: 2025-04-21 01:56:31.236018 | delta: 0:01:32.708167 | eta: 1:27:16.719453
[180 of 10,290]
status: 200 | saved: /home/qcx201/Projects/CAtrade/raw/CA-1998-CL.csv
time: 2025-04-21 01:56:31.977470 | delta: 0:01:33.449619 | eta: 1:27:28.758150
[181 of 10,290]
status: 200 | saved: /home/qcx201/Projects/CAtrade/raw/CA-1998-CM.csv
time: 2025-04-21 01:56:32.723986 | delta: 0:01:34.196135 | eta: 1:27:40.935889
[182 of 10,290]
status: 200 | saved: /home/qcx201/Projects/CAtrade/raw/CA-1998-CN.csv
time: 2025-04-21 01:56:33.460449 | delta: 0:01:34.932598 | eta: 1:27:52.413664
[183 of 10,290]
status: 200 | saved: /home/qcx201/Projects/CAtrade/raw/CA-1998-CO.csv
time: 2025-04-21 01:56:34.431403 | delta: 0:01:35.903552 | eta: 1:28:16.704741
[184 of 10,290]
status: 200 | saved: /home/qcx201/Projects/CAtrade/raw/CA-1998-CP.csv
time: 2025-04-21 01:56:35.216178 | delta: 0:01:36.688327 | eta: 1:28:30.500880
[185 of 10,290]
status: 200 | saved: /home/qcx201/Projects/CAtrade/raw/CA-1998-CQ.csv
time: 2025-04-21 01:56:35.953444 | delta: 0:01:37.425593 | eta: 1:28:41.545625
[186 of 10,290]
status: 200 | saved: /home/qcx201/Projects/CAtrade/raw/CA-1998-CR.csv
time: 2025-04-21 01:56:36.698566 | delta: 0:01:38.170715 | eta: 1:28:52.891200
[187 of 10,290]
status: 200 | saved: /home/qcx201/Projects/CAtrade/raw/CA-1998-CS.csv
time: 2025-04-21 01:56:37.445931 | delta: 0:01:38.918080 | eta: 1:29:04.224322
[188 of 10,290]
status: 200 | saved: /home/qcx201/Projects/CAtrade/raw/CA-1998-CT.csv
time: 2025-04-21 01:56:38.208854 | delta: 0:01:39.681003 | eta: 1:29:16.262236
[189 of 10,290]
status: 200 | saved: /home/qcx201/Projects/CAtrade/raw/CA-1998-CU.csv
time: 2025-04-21 01:56:38.946467 | delta: 0:01:40.418616 | eta: 1:29:26.812815
[190 of 10,290]
status: 200 | saved: /home/qcx201/Projects/CAtrade/raw/CA-1999-CA.csv
time: 2025-04-21 01:56:39.731488 | delta: 0:01:41.203637 | eta: 1:29:39.775100
[191 of 10,290]
status: 200 | saved: /home/qcx201/Projects/CAtrade/raw/CA-1999-CB.csv
time: 2025-04-21 01:56:40.483440 | delta: 0:01:41.955589 | eta: 1:29:50.836101
[192 of 10,290]
status: 200 | saved: /home/qcx201/Projects/CAtrade/raw/CA-1999-CC.csv
time: 2025-04-21 01:56:41.253185 | delta: 0:01:42.725334 | eta: 1:30:02.712744
[193 of 10,290]
status: 200 | saved: /home/qcx201/Projects/CAtrade/raw/CA-1999-CD.csv
time: 2025-04-21 01:56:41.987664 | delta: 0:01:43.459813 | eta: 1:30:12.607917
[194 of 10,290]
status: 200 | saved: /home/qcx201/Projects/CAtrade/raw/CA-1999-CE.csv
time: 2025-04-21 01:56:42.768396 | delta: 0:01:44.240545 | eta: 1:30:24.802912
[195 of 10,290]
status: 200 | saved: /home/qcx201/Projects/CAtrade/raw/CA-1999-CF.csv
time: 2025-04-21 01:56:43.553134 | delta: 0:01:45.025283 | eta: 1:30:37.076145
[196 of 10,290]
status: 200 | saved: /home/qcx201/Projects/CAtrade/raw/CA-1999-CG.csv
time: 2025-04-21 01:56:44.296348 | delta: 0:01:45.768497 | eta: 1:30:47.075690
[197 of 10,290]
status: 200 | saved: /home/qcx201/Projects/CAtrade/raw/CA-1999-CH.csv
time: 2025-04-21 01:56:48.012274 | delta: 0:01:49.484423 | eta: 1:33:29.265494
[198 of 10,290]
status: 200 | saved: /home/qcx201/Projects/CAtrade/raw/CA-1999-CI.csv
time: 2025-04-21 01:56:48.763051 | delta: 0:01:50.235200 | eta: 1:33:38.650356
[199 of 10,290]
status: 200 | saved: /home/qcx201/Projects/CAtrade/raw/CA-1999-CJ.csv
time: 2025-04-21 01:56:49.538290 | delta: 0:01:51.010439 | eta: 1:33:49.173531
[200 of 10,290]
status: 200 | saved: /home/qcx201/Projects/CAtrade/raw/CA-1999-CK.csv
time: 2025-04-21 01:56:50.275700 | delta: 0:01:51.747849 | eta: 1:33:57.676510
[201 of 10,290]
status: 200 | saved: /home/qcx201/Projects/CAtrade/raw/CA-1999-CL.csv
time: 2025-04-21 01:56:51.017687 | delta: 0:01:52.489836 | eta: 1:34:06.318939
[202 of 10,290]
